#
# A fatal error has been detected by the Java Runtime Environment:
#
#  EXCEPTION_ACCESS_VIOLATION (0xc0000005) at pc=0x000000006da12411, pid=2792, tid=6796
#
# JRE version: 6.0_18-b07
# Java VM: Java HotSpot(TM) 64-Bit Server VM (16.0-b13 mixed mode windows-amd64 )
# Problematic frame:
# V  [jvm.dll+0x222411]
#
# If you would like to submit a bug report, please visit:
#   http://java.sun.com/webapps/bugreport/crash.jsp
#

---------------  T H R E A D  ---------------

Current thread (0x00000000086a6000):  JavaThread "Java2D Disposer" daemon [_thread_in_vm, id=6796, stack(0x0000000008a20000,0x0000000008b20000)]

siginfo: ExceptionCode=0xc0000005, reading address 0x0000000000000011

Registers:
EAX=0x0000000008b1f478, EBX=0x0000000006e14138, ECX=0x0000000000000000, EDX=0x00000000086a6000
ESP=0x0000000008b1f3d0, EBP=0x0000000000000000, ESI=0x0000000006e1a620, EDI=0x0000000008b1f650
EIP=0x000000006da12411, EFLAGS=0x0000000000010203

Top of Stack: (sp=0x0000000008b1f3d0)
0x0000000008b1f3d0:   0000000008b1f4a0 00000000000000b7
0x0000000008b1f3e0:   0000000000000001 000000006d9f9b79
0x0000000008b1f3f0:   0000023bf732afd1 000000006d8de0c3
0x0000000008b1f400:   0000000006e1a620 0000000006e13d00
0x0000000008b1f410:   0000000006e13d10 0000000006e140e8
0x0000000008b1f420:   0000023bf732afd1 000000006dba5212
0x0000000008b1f430:   0000000006e14138 000000006db8c045
0x0000000008b1f440:   0000000008b1f510 000000006db8cd19
0x0000000008b1f450:   0000000001474500 0000000008b1f650
0x0000000008b1f460:   00000000086a61b8 000000006dbe6954
0x0000000008b1f470:   0000000008b10000 0000000006e14130
0x0000000008b1f480:   0000000006e140e8 000000000028a020
0x0000000008b1f490:   0000000006e140e8 000000006db7587c
0x0000000008b1f4a0:   0000000006e14130 0000000006e14130
0x0000000008b1f4b0:   0000000006e14130 000000000028a020
0x0000000008b1f4c0:   0000000006e13d10 0000000006e140e8 

Instructions: (pc=0x000000006da12411)
0x000000006da12401:   00 00 4c 89 2c c8 ff 84 24 98 01 00 00 4c 8b 03
0x000000006da12411:   49 8b 40 10 4d 8b 40 18 0f b7 48 42 4d 8b 44 c8 


Stack: [0x0000000008a20000,0x0000000008b20000],  sp=0x0000000008b1f3d0,  free space=3fc0000000000000000k
Native frames: (J=compiled Java code, j=interpreted, Vv=VM code, C=native code)
V  [jvm.dll+0x222411]

[error occurred during error reporting (printing native stack), id 0xc0000005]

Java frames: (J=compiled Java code, j=interpreted, Vv=VM code)
j  java.awt.Cursor.finalizeImpl(J)V+0
j  java.awt.Cursor.access$000(J)V+1
j  java.awt.Cursor$CursorDisposer.dispose()V+13
j  sun.java2d.Disposer.run()V+26
j  java.lang.Thread.run()V+11
v  ~StubRoutines::call_stub

---------------  P R O C E S S  ---------------

Java Threads: ( => current thread )
  0x000000000a303800 JavaThread "TimerQueue" daemon [_thread_blocked, id=4956, stack(0x000000000e690000,0x000000000e790000)]
  0x000000000a303000 JavaThread "DestroyJavaVM" [_thread_blocked, id=6428, stack(0x0000000002a90000,0x0000000002b90000)]
  0x00000000088a7000 JavaThread "Thread-6" [_thread_blocked, id=6348, stack(0x0000000008db0000,0x0000000008eb0000)]
  0x00000000088a6800 JavaThread "Thread-5" [_thread_blocked, id=2800, stack(0x000000000e4d0000,0x000000000e5d0000)]
  0x000000000d705800 JavaThread "AWT-EventQueue-0" [_thread_blocked, id=1456, stack(0x000000000e2d0000,0x000000000e3d0000)]
  0x000000000866a000 JavaThread "Timer-0" daemon [_thread_blocked, id=4588, stack(0x000000000e0d0000,0x000000000e1d0000)]
  0x0000000006daa800 JavaThread "AWT-Shutdown" [_thread_blocked, id=5636, stack(0x0000000008bb0000,0x0000000008cb0000)]
=>0x00000000086a6000 JavaThread "Java2D Disposer" daemon [_thread_in_vm, id=6796, stack(0x0000000008a20000,0x0000000008b20000)]
  0x0000000006e19000 JavaThread "Low Memory Detector" daemon [_thread_blocked, id=4384, stack(0x0000000007ef0000,0x0000000007ff0000)]
  0x0000000006e12800 JavaThread "CompilerThread1" daemon [_thread_blocked, id=6152, stack(0x0000000007df0000,0x0000000007ef0000)]
  0x0000000006dfb000 JavaThread "CompilerThread0" daemon [_thread_blocked, id=5204, stack(0x0000000007cf0000,0x0000000007df0000)]
  0x0000000006df6000 JavaThread "Attach Listener" daemon [_thread_blocked, id=6340, stack(0x0000000007bf0000,0x0000000007cf0000)]
  0x0000000006df5000 JavaThread "Signal Dispatcher" daemon [_thread_blocked, id=2008, stack(0x0000000007af0000,0x0000000007bf0000)]
  0x0000000006da2000 JavaThread "Finalizer" daemon [_thread_blocked, id=4944, stack(0x00000000079f0000,0x0000000007af0000)]
  0x0000000006d9b800 JavaThread "Reference Handler" daemon [_thread_blocked, id=2124, stack(0x00000000078f0000,0x00000000079f0000)]

Other Threads:
  0x0000000006d95800 VMThread [stack: 0x00000000077f0000,0x00000000078f0000] [id=6884]
  0x0000000006e1a000 WatcherThread [stack: 0x0000000007ff0000,0x00000000080f0000] [id=796]

VM state:not at safepoint (normal execution)

VM Mutex/Monitor currently owned by a thread: None

Heap
 PSYoungGen      total 35008K, used 3893K [0x00000000da7f0000, 0x00000000dce10000, 0x00000001051f0000)
  eden space 32000K, 2% used [0x00000000da7f0000,0x00000000da8d1710,0x00000000dc730000)
  from space 3008K, 99% used [0x00000000dc7f0000,0x00000000dcadc080,0x00000000dcae0000)
  to   space 3264K, 0% used [0x00000000dcae0000,0x00000000dcae0000,0x00000000dce10000)
 PSOldGen        total 87296K, used 20089K [0x00000000853f0000, 0x000000008a930000, 0x00000000da7f0000)
  object space 87296K, 23% used [0x00000000853f0000,0x000000008678e768,0x000000008a930000)
 PSPermGen       total 21248K, used 15642K [0x000000007fff0000, 0x00000000814b0000, 0x00000000853f0000)
  object space 21248K, 73% used [0x000000007fff0000,0x0000000080f36ac0,0x00000000814b0000)

Dynamic libraries:
0x0000000000400000 - 0x000000000042e000 	C:\Program Files\Java\jre6\bin\java.exe
0x0000000077630000 - 0x00000000777b6000 	C:\Windows\system32\ntdll.dll
0x0000000077430000 - 0x000000007755d000 	C:\Windows\system32\kernel32.dll
0x000007feff070000 - 0x000007feff178000 	C:\Windows\system32\ADVAPI32.dll
0x000007fefe230000 - 0x000007fefe373000 	C:\Windows\system32\RPCRT4.dll
0x000000006d7f0000 - 0x000000006de95000 	C:\Program Files\Java\jre6\bin\server\jvm.dll
0x0000000077560000 - 0x000000007762d000 	C:\Windows\system32\USER32.dll
0x000007fefdd70000 - 0x000007fefddd4000 	C:\Windows\system32\GDI32.dll
0x000007fefb450000 - 0x000007fefb489000 	C:\Windows\system32\WINMM.dll
0x000007feff1b0000 - 0x000007feff24c000 	C:\Windows\system32\msvcrt.dll
0x000007fefe050000 - 0x000007fefe228000 	C:\Windows\system32\ole32.dll
0x000007fefdf70000 - 0x000007fefe043000 	C:\Windows\system32\OLEAUT32.dll
0x0000000075750000 - 0x00000000757a2000 	C:\Windows\system32\OLEACC.dll
0x000007feff180000 - 0x000007feff1ad000 	C:\Windows\system32\IMM32.DLL
0x000007fefde60000 - 0x000007fefdf62000 	C:\Windows\system32\MSCTF.dll
0x000007feff370000 - 0x000007feff37d000 	C:\Windows\system32\LPK.DLL
0x000007feff6d0000 - 0x000007feff76a000 	C:\Windows\system32\USP10.dll
0x000000006d760000 - 0x000000006d76e000 	C:\Program Files\Java\jre6\bin\verify.dll
0x000000006d3b0000 - 0x000000006d3d7000 	C:\Program Files\Java\jre6\bin\java.dll
0x000000006d310000 - 0x000000006d31a000 	C:\Program Files\Java\jre6\bin\hpi.dll
0x00000000777d0000 - 0x00000000777d9000 	C:\Windows\system32\PSAPI.DLL
0x000000006d7b0000 - 0x000000006d7c2000 	C:\Program Files\Java\jre6\bin\zip.dll
0x000000006d000000 - 0x000000006d1c2000 	C:\Program Files\Java\jre6\bin\awt.dll
0x000007fefb040000 - 0x000007fefb098000 	C:\Windows\system32\WINSPOOL.DRV
0x000007fefe380000 - 0x000007fefefd3000 	C:\Windows\system32\SHELL32.dll
0x000007fefdde0000 - 0x000007fefde53000 	C:\Windows\system32\SHLWAPI.dll
0x000007fefc480000 - 0x000007fefc679000 	C:\Windows\WinSxS\amd64_microsoft.windows.common-controls_6595b64144ccf1df_6.0.6002.18005_none_1509f8bef40ee4da\COMCTL32.dll
0x000007fefa340000 - 0x000007fefa351000 	C:\Windows\system32\DWMAPI.DLL
0x000007fefbb00000 - 0x000007fefbb51000 	C:\Windows\system32\uxtheme.dll
0x000000006d2a0000 - 0x000000006d30b000 	C:\Program Files\Java\jre6\bin\fontmanager.dll
0x000007fefd150000 - 0x000007fefd15b000 	C:\Windows\system32\VERSION.dll
0x000000006d600000 - 0x000000006d617000 	C:\Program Files\Java\jre6\bin\net.dll
0x000007feff440000 - 0x000007feff484000 	C:\Windows\system32\WS2_32.dll
0x000007fefdd60000 - 0x000007fefdd67000 	C:\Windows\system32\NSI.dll
0x000007fefcf40000 - 0x000007fefcf8f000 	C:\Windows\system32\mswsock.dll
0x000007fefcfd0000 - 0x000007fefcfd7000 	C:\Windows\System32\wship6.dll
0x000000006d620000 - 0x000000006d62b000 	C:\Program Files\Java\jre6\bin\nio.dll
0x000007fefcc90000 - 0x000007fefccd8000 	C:\Windows\system32\rsaenh.dll
0x000007fefd9f0000 - 0x000007fefda16000 	C:\Windows\system32\USERENV.dll
0x000007fefd9d0000 - 0x000007fefd9ec000 	C:\Windows\system32\Secur32.dll
0x000007fefc880000 - 0x000007fefc893000 	C:\Windows\system32\NLAapi.dll
0x000007fefd1f0000 - 0x000007fefd213000 	C:\Windows\system32\IPHLPAPI.DLL
0x000007fefd1a0000 - 0x000007fefd1e5000 	C:\Windows\system32\dhcpcsvc.DLL
0x000007fefd4b0000 - 0x000007fefd4ea000 	C:\Windows\system32\DNSAPI.dll
0x000007fefd190000 - 0x000007fefd19a000 	C:\Windows\system32\WINNSI.DLL
0x000007fefd160000 - 0x000007fefd18b000 	C:\Windows\system32\dhcpcsvc6.DLL
0x000007fefa3d0000 - 0x000007fefa3e3000 	C:\Windows\system32\napinsp.dll
0x000007fefa3b0000 - 0x000007fefa3c7000 	C:\Windows\system32\pnrpnsp.dll
0x000007fefa3f0000 - 0x000007fefa3fb000 	C:\Windows\System32\winrnr.dll
0x000007feff770000 - 0x000007feff7c5000 	C:\Windows\system32\WLDAP32.dll
0x000007fefcba0000 - 0x000007fefcba7000 	C:\Windows\System32\wshtcpip.dll
0x000007fefaf90000 - 0x000007fefaf98000 	C:\Windows\system32\rasadhlp.dll
0x000007fefd950000 - 0x000007fefd985000 	C:\Windows\system32\apphelp.dll
0x0000000180000000 - 0x00000001800bb000 	C:\Program Files (x86)\PremierOpinion\pmls64.dll
0x000007feff250000 - 0x000007feff370000 	C:\Windows\system32\WININET.dll
0x00000000777e0000 - 0x00000000777e4000 	C:\Windows\system32\Normaliz.dll
0x000007feff7d0000 - 0x000007feff947000 	C:\Windows\system32\urlmon.dll
0x000007feff490000 - 0x000007feff6cf000 	C:\Windows\system32\iertutil.dll
0x000007fefcbe0000 - 0x000007fefcc0c000 	C:\Windows\system32\NTMARTA.DLL
0x000007fefd490000 - 0x000007fefd4ac000 	C:\Windows\system32\SAMLIB.dll
0x000007fefce90000 - 0x000007fefcee6000 	C:\Windows\system32\Schannel.dll
0x000007fefd470000 - 0x000007fefd489000 	C:\Windows\system32\MSASN1.dll
0x000007fefd2c0000 - 0x000007fefd3f7000 	C:\Windows\system32\CRYPT32.dll
0x000007fefd5e0000 - 0x000007fefd683000 	C:\Windows\system32\NETAPI32.dll
0x0000000009700000 - 0x0000000009708000 	C:\Program Files\Hewlett-Packard\HP MediaSmart\HPShared64.dll
0x000000006b830000 - 0x000000006bd19000 	C:\Windows\WinSxS\amd64_microsoft.vc90.mfc_1fc8b3b9a1e18e3b_9.0.30729.1_none_951ab4128654b0c9\mfc90u.dll
0x000000006b680000 - 0x000000006b71d000 	C:\Windows\WinSxS\amd64_microsoft.vc90.crt_1fc8b3b9a1e18e3b_9.0.30729.1_none_99b61f5e8371c1d4\MSVCR90.dll
0x000007fefc260000 - 0x000007fefc267000 	C:\Windows\system32\MSIMG32.dll
0x000000006b660000 - 0x000000006b66d000 	C:\Windows\WinSxS\amd64_microsoft.vc90.mfcloc_1fc8b3b9a1e18e3b_9.0.30729.1_none_92995f253c01eddb\MFC90ENU.DLL
0x000000006d210000 - 0x000000006d238000 	C:\Program Files\Java\jre6\bin\dcpr.dll

VM Arguments:
java_command: zgrviewer-0.8.2.jar -Pdot C:\Users\vwinter\UNO-Research\Project - Library Migration\Domains\Assess_2010_06_01\Output\\Metrics\hierarchy.dot
Launcher Type: SUN_STANDARD

Environment Variables:
CLASSPATH=.;C:\Program Files (x86)\Java\jre6\lib\ext\QTJava.zip
PATH=C:\Program Files (x86)\MiKTeX 2.7\miktex\bin;C:\Windows\system32;C:\Windows;C:\Windows\System32\Wbem;C:\Program Files (x86)\Python;c:\Program Files (x86)\ATI Technologies\ATI.ACE\Core-Static;c:\Program Files (x86)\Microsoft SQL Server\100\Tools\Binn\;c:\Program Files\Microsoft SQL Server\100\Tools\Binn\;c:\Program Files\Microsoft SQL Server\100\DTS\Binn\;C:\Program Files (x86)\Graphviz2.26.3\bin;C:\Program Files (x86)\QuickTime\QTSystem\;C:\Windows\system32;C:\Windows;C:\Windows\System32\Wbem;C:\Program Files (x86)\Python;c:\Program Files (x86)\ATI Technologies\ATI.ACE\Core-Static;C:\sml\bin;C:\Program Files (x86)\Java\jre6\bin
USERNAME=vwinter
OS=Windows_NT
PROCESSOR_IDENTIFIER=Intel64 Family 6 Model 26 Stepping 4, GenuineIntel



---------------  S Y S T E M  ---------------

OS: Windows Vista Build 6002 Service Pack 2

CPU:total 8 (8 cores per cpu, 2 threads per core) family 6 model 26 stepping 4, cmov, cx8, fxsr, mmx, sse, sse2, sse3, ssse3, sse4.1, sse4.2, popcnt, ht

Memory: 4k page, physical 8378636k(4047160k free), swap 16896044k(12078612k free)

vm_info: Java HotSpot(TM) 64-Bit Server VM (16.0-b13) for windows-amd64 JRE (1.6.0_18-b07), built on Dec 17 2009 13:24:11 by "java_re" with MS VC++ 8.0 (VS2005)

time: Wed Jun 02 08:49:03 2010
elapsed time: 14372 seconds

