#
# A fatal error has been detected by the Java Runtime Environment:
#
#  EXCEPTION_ACCESS_VIOLATION (0xc0000005) at pc=0x000000006d0f9b3d, pid=2520, tid=5976
#
# JRE version: 6.0_18-b07
# Java VM: Java HotSpot(TM) 64-Bit Server VM (16.0-b13 mixed mode windows-amd64 )
# Problematic frame:
# C  [awt.dll+0xf9b3d]
#
# If you would like to submit a bug report, please visit:
#   http://java.sun.com/webapps/bugreport/crash.jsp
# The crash happened outside the Java Virtual Machine in native code.
# See problematic frame for where to report the bug.
#

---------------  T H R E A D  ---------------

Current thread (0x000000000869f000):  JavaThread "AWT-Windows" daemon [_thread_in_native, id=5976, stack(0x0000000008c30000,0x0000000008d30000)]

siginfo: ExceptionCode=0xc0000005, reading address 0x0000000000000000

Registers:
EAX=0x0000000000002000, EBX=0x00000000087e70a0, ECX=0x0000000000000000, EDX=0x00000000000003d2
ESP=0x0000000008d2f510, EBP=0x0000000000000000, ESI=0x0000000000000006, EDI=0x0000000000000000
EIP=0x000000006d0f9b3d, EFLAGS=0x0000000000010206

Top of Stack: (sp=0x0000000008d2f510)
0x0000000008d2f510:   000000004000fa40 0000000000000001
0x0000000008d2f520:   000000000aea7ee0 000000000aea7e80
0x0000000008d2f530:   00000000ffffffff 000007fef9d72539
0x0000000008d2f540:   000000000b39ee40 000000000b39ee40
0x0000000008d2f550:   000000000aea7ef0 000000000b39f180
0x0000000008d2f560:   00000000805fd798 000000006d0ed60b
0x0000000008d2f570:   000000000856f2d0 00000000805fd798
0x0000000008d2f580:   0000000000000001 0000000000000000
0x0000000008d2f590:   0000000000000000 000000006d0ed70b
0x0000000008d2f5a0:   000000000b39ee40 000000000856f000
0x0000000008d2f5b0:   000000000856f2d0 0000000000000001
0x0000000008d2f5c0:   000000000856f000 000000006d0ed848
0x0000000008d2f5d0:   0000000000000070 000000000856f2d0
0x0000000008d2f5e0:   0000000000000001 0000000000000001
0x0000000008d2f5f0:   000000000856f2d0 000000006d08181e
0x0000000008d2f600:   000000000025be60 0000000008d2f788 

Instructions: (pc=0x000000006d0f9b3d)
0x000000006d0f9b2d:   20 00 00 41 b9 00 10 00 00 44 8b c6 44 0f 44 c8
0x000000006d0f9b3d:   48 8b 01 41 c1 e0 05 44 89 4c 24 20 4c 8d 4c 24 


Stack: [0x0000000008c30000,0x0000000008d30000],  sp=0x0000000008d2f510,  free space=3fd0000000000000000k
Native frames: (J=compiled Java code, j=interpreted, Vv=VM code, C=native code)
C  [awt.dll+0xf9b3d]

[error occurred during error reporting (printing native stack), id 0xc0000005]

Java frames: (J=compiled Java code, j=interpreted, Vv=VM code)
j  sun.awt.windows.WToolkit.eventLoop()V+0
j  sun.awt.windows.WToolkit.run()V+77
j  java.lang.Thread.run()V+11
v  ~StubRoutines::call_stub

---------------  P R O C E S S  ---------------

Java Threads: ( => current thread )
  0x000000000a0b0000 JavaThread "Thread-1" daemon [_thread_in_native, id=2472, stack(0x000000000ab00000,0x000000000ac00000)]
  0x000000000a0ae000 JavaThread "DestroyJavaVM" [_thread_blocked, id=6292, stack(0x0000000002b20000,0x0000000002c20000)]
  0x000000000ccf9800 JavaThread "Thread-7" [_thread_blocked, id=7020, stack(0x0000000008e30000,0x0000000008f30000)]
  0x000000000ccfb000 JavaThread "Thread-6" [_thread_blocked, id=7012, stack(0x0000000008d30000,0x0000000008e30000)]
  0x000000000ccf5800 JavaThread "Thread-5" [_thread_blocked, id=6604, stack(0x000000000e460000,0x000000000e560000)]
  0x00000000085df000 JavaThread "AWT-EventQueue-0" [_thread_blocked, id=4576, stack(0x000000000e180000,0x000000000e280000)]
  0x000000000869b000 JavaThread "Timer-0" daemon [_thread_blocked, id=6000, stack(0x000000000df80000,0x000000000e080000)]
=>0x000000000869f000 JavaThread "AWT-Windows" daemon [_thread_in_native, id=5976, stack(0x0000000008c30000,0x0000000008d30000)]
  0x0000000006cea800 JavaThread "AWT-Shutdown" [_thread_blocked, id=6240, stack(0x0000000008b30000,0x0000000008c30000)]
  0x0000000006e8a800 JavaThread "Java2D Disposer" daemon [_thread_blocked, id=4924, stack(0x0000000008a30000,0x0000000008b30000)]
  0x0000000006d57000 JavaThread "Low Memory Detector" daemon [_thread_blocked, id=3332, stack(0x0000000007e30000,0x0000000007f30000)]
  0x0000000006d52800 JavaThread "CompilerThread1" daemon [_thread_blocked, id=7160, stack(0x0000000007d30000,0x0000000007e30000)]
  0x0000000006d3b000 JavaThread "CompilerThread0" daemon [_thread_blocked, id=6204, stack(0x0000000007c30000,0x0000000007d30000)]
  0x0000000006d36000 JavaThread "Attach Listener" daemon [_thread_blocked, id=1404, stack(0x0000000007b30000,0x0000000007c30000)]
  0x0000000006d35000 JavaThread "Signal Dispatcher" daemon [_thread_blocked, id=3800, stack(0x0000000007a30000,0x0000000007b30000)]
  0x0000000006ce2000 JavaThread "Finalizer" daemon [_thread_blocked, id=4816, stack(0x0000000007930000,0x0000000007a30000)]
  0x0000000006cdb800 JavaThread "Reference Handler" daemon [_thread_blocked, id=4608, stack(0x0000000007830000,0x0000000007930000)]

Other Threads:
  0x0000000006cd5800 VMThread [stack: 0x0000000007730000,0x0000000007830000] [id=4564]
  0x0000000006d58000 WatcherThread [stack: 0x0000000007f30000,0x0000000008030000] [id=4288]

VM state:not at safepoint (normal execution)

VM Mutex/Monitor currently owned by a thread: None

Heap
 PSYoungGen      total 32960K, used 11213K [0x00000000da7f0000, 0x00000000dcc10000, 0x00000001051f0000)
  eden space 29824K, 36% used [0x00000000da7f0000,0x00000000db273430,0x00000000dc510000)
  from space 3136K, 14% used [0x00000000dc900000,0x00000000dc970000,0x00000000dcc10000)
  to   space 3584K, 0% used [0x00000000dc510000,0x00000000dc510000,0x00000000dc890000)
 PSOldGen        total 87296K, used 27811K [0x00000000853f0000, 0x000000008a930000, 0x00000000da7f0000)
  object space 87296K, 31% used [0x00000000853f0000,0x0000000086f18ed0,0x000000008a930000)
 PSPermGen       total 21248K, used 14819K [0x000000007fff0000, 0x00000000814b0000, 0x00000000853f0000)
  object space 21248K, 69% used [0x000000007fff0000,0x0000000080e68cd8,0x00000000814b0000)

Dynamic libraries:
0x0000000000400000 - 0x000000000042e000 	C:\Program Files\Java\jre6\bin\java.exe
0x00000000776e0000 - 0x0000000077866000 	C:\Windows\system32\ntdll.dll
0x00000000775b0000 - 0x00000000776dd000 	C:\Windows\system32\kernel32.dll
0x000007fefedb0000 - 0x000007fefeeb8000 	C:\Windows\system32\ADVAPI32.dll
0x000007feff060000 - 0x000007feff1a3000 	C:\Windows\system32\RPCRT4.dll
0x000000006d7f0000 - 0x000000006de95000 	C:\Program Files\Java\jre6\bin\server\jvm.dll
0x00000000774e0000 - 0x00000000775ad000 	C:\Windows\system32\USER32.dll
0x000007feff400000 - 0x000007feff464000 	C:\Windows\system32\GDI32.dll
0x000007fefc750000 - 0x000007fefc789000 	C:\Windows\system32\WINMM.dll
0x000007feff1e0000 - 0x000007feff27c000 	C:\Windows\system32\msvcrt.dll
0x000007feff7c0000 - 0x000007feff998000 	C:\Windows\system32\ole32.dll
0x000007fefe9d0000 - 0x000007fefeaa3000 	C:\Windows\system32\OLEAUT32.dll
0x0000000075800000 - 0x0000000075852000 	C:\Windows\system32\OLEACC.dll
0x000007feff1b0000 - 0x000007feff1dd000 	C:\Windows\system32\IMM32.DLL
0x000007feff470000 - 0x000007feff572000 	C:\Windows\system32\MSCTF.dll
0x000007fefdc30000 - 0x000007fefdc3d000 	C:\Windows\system32\LPK.DLL
0x000007fefeab0000 - 0x000007fefeb4a000 	C:\Windows\system32\USP10.dll
0x000000006d760000 - 0x000000006d76e000 	C:\Program Files\Java\jre6\bin\verify.dll
0x000000006d3b0000 - 0x000000006d3d7000 	C:\Program Files\Java\jre6\bin\java.dll
0x000000006d310000 - 0x000000006d31a000 	C:\Program Files\Java\jre6\bin\hpi.dll
0x0000000077880000 - 0x0000000077889000 	C:\Windows\system32\PSAPI.DLL
0x000000006d7b0000 - 0x000000006d7c2000 	C:\Program Files\Java\jre6\bin\zip.dll
0x000000006d000000 - 0x000000006d1c2000 	C:\Program Files\Java\jre6\bin\awt.dll
0x000007fefb750000 - 0x000007fefb7a8000 	C:\Windows\system32\WINSPOOL.DRV
0x000007fefdd70000 - 0x000007fefe9c3000 	C:\Windows\system32\SHELL32.dll
0x000007fefed30000 - 0x000007fefeda3000 	C:\Windows\system32\SHLWAPI.dll
0x000007fefc4c0000 - 0x000007fefc6b9000 	C:\Windows\WinSxS\amd64_microsoft.windows.common-controls_6595b64144ccf1df_6.0.6002.18005_none_1509f8bef40ee4da\COMCTL32.dll
0x000007fefa520000 - 0x000007fefa531000 	C:\Windows\system32\DWMAPI.DLL
0x000007fefc860000 - 0x000007fefc8b1000 	C:\Windows\system32\uxtheme.dll
0x000000006d2a0000 - 0x000000006d30b000 	C:\Program Files\Java\jre6\bin\fontmanager.dll
0x000007fef9d60000 - 0x000007fef9f3f000 	C:\Windows\system32\d3d9.dll
0x000007fefd180000 - 0x000007fefd18b000 	C:\Windows\system32\VERSION.dll
0x000007fefa3f0000 - 0x000007fefa3f7000 	C:\Windows\system32\d3d8thk.dll
0x0000000074a10000 - 0x0000000074f7e000 	C:\Windows\system32\atiumd64.dll
0x0000000074180000 - 0x000000007461f000 	C:\Windows\system32\atiumd6a.dll
0x000000006d600000 - 0x000000006d617000 	C:\Program Files\Java\jre6\bin\net.dll
0x000007fefef50000 - 0x000007fefef94000 	C:\Windows\system32\WS2_32.dll
0x000007fefdc40000 - 0x000007fefdc47000 	C:\Windows\system32\NSI.dll
0x000007fefd070000 - 0x000007fefd0bf000 	C:\Windows\system32\mswsock.dll
0x000007fefd170000 - 0x000007fefd177000 	C:\Windows\System32\wship6.dll
0x000000006d620000 - 0x000000006d62b000 	C:\Program Files\Java\jre6\bin\nio.dll
0x000007fefcc90000 - 0x000007fefccd8000 	C:\Windows\system32\rsaenh.dll
0x000007fefdaa0000 - 0x000007fefdac6000 	C:\Windows\system32\USERENV.dll
0x000007fefda80000 - 0x000007fefda9c000 	C:\Windows\system32\Secur32.dll
0x000007fefc120000 - 0x000007fefc133000 	C:\Windows\system32\NLAapi.dll
0x000007fefd030000 - 0x000007fefd053000 	C:\Windows\system32\IPHLPAPI.DLL
0x000007fefd220000 - 0x000007fefd265000 	C:\Windows\system32\dhcpcsvc.DLL
0x000007fefd520000 - 0x000007fefd55a000 	C:\Windows\system32\DNSAPI.dll
0x000007fefd460000 - 0x000007fefd46a000 	C:\Windows\system32\WINNSI.DLL
0x000007fefd1f0000 - 0x000007fefd21b000 	C:\Windows\system32\dhcpcsvc6.DLL
0x000007fefa3c0000 - 0x000007fefa3d3000 	C:\Windows\system32\napinsp.dll
0x000007fefa1c0000 - 0x000007fefa1d7000 	C:\Windows\system32\pnrpnsp.dll
0x000007fefa3e0000 - 0x000007fefa3eb000 	C:\Windows\System32\winrnr.dll
0x000007feff9a0000 - 0x000007feff9f5000 	C:\Windows\system32\WLDAP32.dll
0x000007fefd060000 - 0x000007fefd067000 	C:\Windows\System32\wshtcpip.dll
0x000007fefaf30000 - 0x000007fefaf38000 	C:\Windows\system32\rasadhlp.dll
0x000007fefd920000 - 0x000007fefd955000 	C:\Windows\system32\apphelp.dll
0x000007fefdc50000 - 0x000007fefdd70000 	C:\Windows\system32\WININET.dll
0x0000000077890000 - 0x0000000077894000 	C:\Windows\system32\Normaliz.dll
0x000007feff280000 - 0x000007feff3f7000 	C:\Windows\system32\urlmon.dll
0x000007feff580000 - 0x000007feff7bf000 	C:\Windows\system32\iertutil.dll
0x000007fefcc20000 - 0x000007fefcc4c000 	C:\Windows\system32\NTMARTA.DLL
0x000007fefd500000 - 0x000007fefd51c000 	C:\Windows\system32\SAMLIB.dll
0x000007fefcd80000 - 0x000007fefcdd6000 	C:\Windows\system32\Schannel.dll
0x000007fefd4e0000 - 0x000007fefd4f9000 	C:\Windows\system32\MSASN1.dll
0x000007fefd310000 - 0x000007fefd447000 	C:\Windows\system32\CRYPT32.dll
0x000007fefd5a0000 - 0x000007fefd643000 	C:\Windows\system32\NETAPI32.dll
0x000000000a7d0000 - 0x000000000a7d8000 	C:\Program Files\Hewlett-Packard\HP MediaSmart\HPShared64.dll
0x0000000068150000 - 0x0000000068639000 	C:\Windows\WinSxS\amd64_microsoft.vc90.mfc_1fc8b3b9a1e18e3b_9.0.30729.1_none_951ab4128654b0c9\mfc90u.dll
0x0000000069680000 - 0x000000006971d000 	C:\Windows\WinSxS\amd64_microsoft.vc90.crt_1fc8b3b9a1e18e3b_9.0.30729.1_none_99b61f5e8371c1d4\MSVCR90.dll
0x000007fefd160000 - 0x000007fefd167000 	C:\Windows\system32\MSIMG32.dll
0x0000000072830000 - 0x000000007283d000 	C:\Windows\WinSxS\amd64_microsoft.vc90.mfcloc_1fc8b3b9a1e18e3b_9.0.30729.1_none_92995f253c01eddb\MFC90ENU.DLL

VM Arguments:
java_command: zgrviewer-0.8.2.jar -Pdot C:\Users\vwinter\UNO-Research\Project - Library Migration\Domains\Assess_2010_07_04\Output\\Metrics\hierarchy.dot
Launcher Type: SUN_STANDARD

Environment Variables:
CLASSPATH=.;C:\Program Files (x86)\Java\jre6\lib\ext\QTJava.zip
PATH=C:\Program Files (x86)\MiKTeX 2.7\miktex\bin;C:\Windows\system32;C:\Windows;C:\Windows\System32\Wbem;C:\Program Files (x86)\Python;c:\Program Files (x86)\ATI Technologies\ATI.ACE\Core-Static;c:\Program Files (x86)\Microsoft SQL Server\100\Tools\Binn\;c:\Program Files\Microsoft SQL Server\100\Tools\Binn\;c:\Program Files\Microsoft SQL Server\100\DTS\Binn\;C:\Program Files (x86)\Graphviz2.26.3\bin;C:\Program Files (x86)\QuickTime\QTSystem\;C:\Windows\system32;C:\Windows;C:\Windows\System32\Wbem;C:\Program Files (x86)\Python;c:\Program Files (x86)\ATI Technologies\ATI.ACE\Core-Static;C:\sml\bin;C:\Program Files\Java\jre6\bin
USERNAME=vwinter
OS=Windows_NT
PROCESSOR_IDENTIFIER=Intel64 Family 6 Model 26 Stepping 4, GenuineIntel



---------------  S Y S T E M  ---------------

OS: Windows Vista Build 6002 Service Pack 2

CPU:total 8 (8 cores per cpu, 2 threads per core) family 6 model 26 stepping 4, cmov, cx8, fxsr, mmx, sse, sse2, sse3, ssse3, sse4.1, sse4.2, popcnt, ht

Memory: 4k page, physical 8378636k(5207816k free), swap 16926764k(13202116k free)

vm_info: Java HotSpot(TM) 64-Bit Server VM (16.0-b13) for windows-amd64 JRE (1.6.0_18-b07), built on Dec 17 2009 13:24:11 by "java_re" with MS VC++ 8.0 (VS2005)

time: Sun Jul 04 17:24:58 2010
elapsed time: 6826 seconds

